<?xml version="1.0" encoding="UTF-8"?>
<testng-results ignored="0" total="1" passed="1" failed="0" skipped="0">
  <reporter-output>
  </reporter-output>
  <suite started-at="2021-12-20T12:38:23 IST" name="Default suite" finished-at="2021-12-20T12:38:44 IST" duration-ms="20108">
    <groups>
    </groups>
    <test started-at="2021-12-20T12:38:23 IST" name="Default test" finished-at="2021-12-20T12:38:44 IST" duration-ms="20108">
      <class name="com.QTR.TestCase.validateTitleTest">
        <test-method is-config="true" signature="initialize()[pri:0, instance:com.QTR.TestCase.validateTitleTest@3b7ff809]" started-at="2021-12-20T12:38:23 IST" name="initialize" finished-at="2021-12-20T12:38:42 IST" duration-ms="18441" status="PASS">
          <reporter-output>
          </reporter-output>
        </test-method> <!-- initialize -->
        <test-method signature="validateWebTitle()[pri:0, instance:com.QTR.TestCase.validateTitleTest@3b7ff809]" started-at="2021-12-20T12:38:42 IST" name="validateWebTitle" finished-at="2021-12-20T12:38:42 IST" duration-ms="18" status="PASS">
          <reporter-output>
          </reporter-output>
        </test-method> <!-- validateWebTitle -->
        <test-method is-config="true" signature="teardown()[pri:0, instance:com.QTR.TestCase.validateTitleTest@3b7ff809]" started-at="2021-12-20T12:38:42 IST" name="teardown" finished-at="2021-12-20T12:38:44 IST" duration-ms="1597" status="PASS">
          <reporter-output>
          </reporter-output>
        </test-method> <!-- teardown -->
      </class> <!-- com.QTR.TestCase.validateTitleTest -->
    </test> <!-- Default test -->
  </suite> <!-- Default suite -->
</testng-results>
